Started GET "/" for 127.0.0.1 at 2022-12-14 20:24:22 +0800
  
ActionController::RoutingError (uninitialized constant HomeController

      Object.const_get(camel_cased_word)
            ^^^^^^^^^^

            raise MissingController.new(error.message, error.name)
            ^^^^^):
  
Started GET "/" for 127.0.0.1 at 2022-12-14 20:25:18 +0800
  
ActionController::RoutingError (uninitialized constant HomeController

      Object.const_get(camel_cased_word)
            ^^^^^^^^^^

            raise MissingController.new(error.message, error.name)
            ^^^^^):
  
Started GET "/" for 127.0.0.1 at 2022-12-14 20:25:29 +0800
  
ActionController::RoutingError (uninitialized constant HomeController

      Object.const_get(camel_cased_word)
            ^^^^^^^^^^

            raise MissingController.new(error.message, error.name)
            ^^^^^):
  
Started GET "/" for 127.0.0.1 at 2022-12-14 20:26:42 +0800
Processing by HomeController#index as HTML
  Rendering layout layouts/application.html.erb
  Rendering home/index.html.erb within layouts/application
  Rendered home/index.html.erb within layouts/application (Duration: 0.6ms | Allocations: 123)
  Rendered layout layouts/application.html.erb (Duration: 180.0ms | Allocations: 90013)
Completed 200 OK in 187ms (Views: 181.2ms | Allocations: 92730)


Started GET "/" for 127.0.0.1 at 2022-12-14 20:42:32 +0800
  [1m[35m (0.5ms)[0m  [1m[35mCREATE TABLE "schema_migrations" ("version" varchar NOT NULL PRIMARY KEY)[0m
  [1m[35m (0.4ms)[0m  [1m[35mCREATE TABLE "ar_internal_metadata" ("key" varchar NOT NULL PRIMARY KEY, "value" varchar, "created_at" datetime(6) NOT NULL, "updated_at" datetime(6) NOT NULL)[0m
  [1m[36mActiveRecord::SchemaMigration Pluck (0.1ms)[0m  [1m[34mSELECT "schema_migrations"."version" FROM "schema_migrations" ORDER BY "schema_migrations"."version" ASC[0m
  
ActiveRecord::PendingMigrationError (

Migrations are pending. To resolve this issue, run:

        bin/rails db:migrate RAILS_ENV=development

You have 1 pending migration:

20221214122942_devise_create_users.rb


):
  
activerecord (7.0.4) lib/active_record/migration.rb:627:in `check_pending!'
activerecord (7.0.4) lib/active_record/migration.rb:592:in `block (2 levels) in call'
activesupport (7.0.4) lib/active_support/file_update_checker.rb:83:in `execute'
activerecord (7.0.4) lib/active_record/migration.rb:597:in `block in call'
activerecord (7.0.4) lib/active_record/migration.rb:589:in `synchronize'
activerecord (7.0.4) lib/active_record/migration.rb:589:in `call'
actionpack (7.0.4) lib/action_dispatch/middleware/callbacks.rb:27:in `block in call'
activesupport (7.0.4) lib/active_support/callbacks.rb:99:in `run_callbacks'
actionpack (7.0.4) lib/action_dispatch/middleware/callbacks.rb:26:in `call'
actionpack (7.0.4) lib/action_dispatch/middleware/executor.rb:14:in `call'
actionpack (7.0.4) lib/action_dispatch/middleware/actionable_exceptions.rb:17:in `call'
actionpack (7.0.4) lib/action_dispatch/middleware/debug_exceptions.rb:28:in `call'
web-console (4.2.0) lib/web_console/middleware.rb:132:in `call_app'
web-console (4.2.0) lib/web_console/middleware.rb:28:in `block in call'
web-console (4.2.0) lib/web_console/middleware.rb:17:in `catch'
web-console (4.2.0) lib/web_console/middleware.rb:17:in `call'
actionpack (7.0.4) lib/action_dispatch/middleware/show_exceptions.rb:26:in `call'
railties (7.0.4) lib/rails/rack/logger.rb:40:in `call_app'
railties (7.0.4) lib/rails/rack/logger.rb:25:in `block in call'
activesupport (7.0.4) lib/active_support/tagged_logging.rb:99:in `block in tagged'
activesupport (7.0.4) lib/active_support/tagged_logging.rb:37:in `tagged'
activesupport (7.0.4) lib/active_support/tagged_logging.rb:99:in `tagged'
railties (7.0.4) lib/rails/rack/logger.rb:25:in `call'
sprockets-rails (3.4.2) lib/sprockets/rails/quiet_assets.rb:13:in `call'
actionpack (7.0.4) lib/action_dispatch/middleware/remote_ip.rb:93:in `call'
actionpack (7.0.4) lib/action_dispatch/middleware/request_id.rb:26:in `call'
rack (2.2.4) lib/rack/method_override.rb:24:in `call'
rack (2.2.4) lib/rack/runtime.rb:22:in `call'
activesupport (7.0.4) lib/active_support/cache/strategy/local_cache_middleware.rb:29:in `call'
actionpack (7.0.4) lib/action_dispatch/middleware/server_timing.rb:61:in `block in call'
actionpack (7.0.4) lib/action_dispatch/middleware/server_timing.rb:26:in `collect_events'
actionpack (7.0.4) lib/action_dispatch/middleware/server_timing.rb:60:in `call'
actionpack (7.0.4) lib/action_dispatch/middleware/executor.rb:14:in `call'
actionpack (7.0.4) lib/action_dispatch/middleware/static.rb:23:in `call'
rack (2.2.4) lib/rack/sendfile.rb:110:in `call'
actionpack (7.0.4) lib/action_dispatch/middleware/host_authorization.rb:137:in `call'
railties (7.0.4) lib/rails/engine.rb:530:in `call'
puma (5.6.5) lib/puma/configuration.rb:252:in `call'
puma (5.6.5) lib/puma/request.rb:77:in `block in handle_request'
puma (5.6.5) lib/puma/thread_pool.rb:340:in `with_force_shutdown'
puma (5.6.5) lib/puma/request.rb:76:in `handle_request'
puma (5.6.5) lib/puma/server.rb:443:in `process_client'
puma (5.6.5) lib/puma/thread_pool.rb:147:in `block in spawn_thread'
Started GET "/" for 127.0.0.1 at 2022-12-14 20:42:35 +0800
  [1m[36mActiveRecord::SchemaMigration Pluck (0.1ms)[0m  [1m[34mSELECT "schema_migrations"."version" FROM "schema_migrations" ORDER BY "schema_migrations"."version" ASC[0m
  [1m[36mCACHE ActiveRecord::SchemaMigration Pluck (0.0ms)[0m  [1m[34mSELECT "schema_migrations"."version" FROM "schema_migrations" ORDER BY "schema_migrations"."version" ASC[0m
  
ActiveRecord::PendingMigrationError (

Migrations are pending. To resolve this issue, run:

        bin/rails db:migrate RAILS_ENV=development

You have 1 pending migration:

20221214122942_devise_create_users.rb


):
  
activerecord (7.0.4) lib/active_record/migration.rb:627:in `check_pending!'
activerecord (7.0.4) lib/active_record/migration.rb:592:in `block (2 levels) in call'
activesupport (7.0.4) lib/active_support/file_update_checker.rb:83:in `execute'
activerecord (7.0.4) lib/active_record/migration.rb:597:in `block in call'
activerecord (7.0.4) lib/active_record/migration.rb:589:in `synchronize'
activerecord (7.0.4) lib/active_record/migration.rb:589:in `call'
actionpack (7.0.4) lib/action_dispatch/middleware/callbacks.rb:27:in `block in call'
activesupport (7.0.4) lib/active_support/callbacks.rb:99:in `run_callbacks'
actionpack (7.0.4) lib/action_dispatch/middleware/callbacks.rb:26:in `call'
actionpack (7.0.4) lib/action_dispatch/middleware/executor.rb:14:in `call'
actionpack (7.0.4) lib/action_dispatch/middleware/actionable_exceptions.rb:17:in `call'
actionpack (7.0.4) lib/action_dispatch/middleware/debug_exceptions.rb:28:in `call'
web-console (4.2.0) lib/web_console/middleware.rb:132:in `call_app'
web-console (4.2.0) lib/web_console/middleware.rb:28:in `block in call'
web-console (4.2.0) lib/web_console/middleware.rb:17:in `catch'
web-console (4.2.0) lib/web_console/middleware.rb:17:in `call'
actionpack (7.0.4) lib/action_dispatch/middleware/show_exceptions.rb:26:in `call'
railties (7.0.4) lib/rails/rack/logger.rb:40:in `call_app'
railties (7.0.4) lib/rails/rack/logger.rb:25:in `block in call'
activesupport (7.0.4) lib/active_support/tagged_logging.rb:99:in `block in tagged'
activesupport (7.0.4) lib/active_support/tagged_logging.rb:37:in `tagged'
activesupport (7.0.4) lib/active_support/tagged_logging.rb:99:in `tagged'
railties (7.0.4) lib/rails/rack/logger.rb:25:in `call'
sprockets-rails (3.4.2) lib/sprockets/rails/quiet_assets.rb:13:in `call'
actionpack (7.0.4) lib/action_dispatch/middleware/remote_ip.rb:93:in `call'
actionpack (7.0.4) lib/action_dispatch/middleware/request_id.rb:26:in `call'
rack (2.2.4) lib/rack/method_override.rb:24:in `call'
rack (2.2.4) lib/rack/runtime.rb:22:in `call'
activesupport (7.0.4) lib/active_support/cache/strategy/local_cache_middleware.rb:29:in `call'
actionpack (7.0.4) lib/action_dispatch/middleware/server_timing.rb:61:in `block in call'
actionpack (7.0.4) lib/action_dispatch/middleware/server_timing.rb:26:in `collect_events'
actionpack (7.0.4) lib/action_dispatch/middleware/server_timing.rb:60:in `call'
actionpack (7.0.4) lib/action_dispatch/middleware/executor.rb:14:in `call'
actionpack (7.0.4) lib/action_dispatch/middleware/static.rb:23:in `call'
rack (2.2.4) lib/rack/sendfile.rb:110:in `call'
actionpack (7.0.4) lib/action_dispatch/middleware/host_authorization.rb:137:in `call'
railties (7.0.4) lib/rails/engine.rb:530:in `call'
puma (5.6.5) lib/puma/configuration.rb:252:in `call'
puma (5.6.5) lib/puma/request.rb:77:in `block in handle_request'
puma (5.6.5) lib/puma/thread_pool.rb:340:in `with_force_shutdown'
puma (5.6.5) lib/puma/request.rb:76:in `handle_request'
puma (5.6.5) lib/puma/server.rb:443:in `process_client'
puma (5.6.5) lib/puma/thread_pool.rb:147:in `block in spawn_thread'
Started GET "//categories" for 127.0.0.1 at 2022-12-14 20:42:36 +0800
  [1m[36mActiveRecord::SchemaMigration Pluck (0.1ms)[0m  [1m[34mSELECT "schema_migrations"."version" FROM "schema_migrations" ORDER BY "schema_migrations"."version" ASC[0m
  [1m[36mCACHE ActiveRecord::SchemaMigration Pluck (0.0ms)[0m  [1m[34mSELECT "schema_migrations"."version" FROM "schema_migrations" ORDER BY "schema_migrations"."version" ASC[0m
  
ActiveRecord::PendingMigrationError (

Migrations are pending. To resolve this issue, run:

        bin/rails db:migrate RAILS_ENV=development

You have 1 pending migration:

20221214122942_devise_create_users.rb


):
  
activerecord (7.0.4) lib/active_record/migration.rb:627:in `check_pending!'
activerecord (7.0.4) lib/active_record/migration.rb:592:in `block (2 levels) in call'
activesupport (7.0.4) lib/active_support/file_update_checker.rb:83:in `execute'
activerecord (7.0.4) lib/active_record/migration.rb:597:in `block in call'
activerecord (7.0.4) lib/active_record/migration.rb:589:in `synchronize'
activerecord (7.0.4) lib/active_record/migration.rb:589:in `call'
actionpack (7.0.4) lib/action_dispatch/middleware/callbacks.rb:27:in `block in call'
activesupport (7.0.4) lib/active_support/callbacks.rb:99:in `run_callbacks'
actionpack (7.0.4) lib/action_dispatch/middleware/callbacks.rb:26:in `call'
actionpack (7.0.4) lib/action_dispatch/middleware/executor.rb:14:in `call'
actionpack (7.0.4) lib/action_dispatch/middleware/actionable_exceptions.rb:17:in `call'
actionpack (7.0.4) lib/action_dispatch/middleware/debug_exceptions.rb:28:in `call'
web-console (4.2.0) lib/web_console/middleware.rb:132:in `call_app'
web-console (4.2.0) lib/web_console/middleware.rb:28:in `block in call'
web-console (4.2.0) lib/web_console/middleware.rb:17:in `catch'
web-console (4.2.0) lib/web_console/middleware.rb:17:in `call'
actionpack (7.0.4) lib/action_dispatch/middleware/show_exceptions.rb:26:in `call'
railties (7.0.4) lib/rails/rack/logger.rb:40:in `call_app'
railties (7.0.4) lib/rails/rack/logger.rb:25:in `block in call'
activesupport (7.0.4) lib/active_support/tagged_logging.rb:99:in `block in tagged'
activesupport (7.0.4) lib/active_support/tagged_logging.rb:37:in `tagged'
activesupport (7.0.4) lib/active_support/tagged_logging.rb:99:in `tagged'
railties (7.0.4) lib/rails/rack/logger.rb:25:in `call'
sprockets-rails (3.4.2) lib/sprockets/rails/quiet_assets.rb:13:in `call'
actionpack (7.0.4) lib/action_dispatch/middleware/remote_ip.rb:93:in `call'
actionpack (7.0.4) lib/action_dispatch/middleware/request_id.rb:26:in `call'
rack (2.2.4) lib/rack/method_override.rb:24:in `call'
rack (2.2.4) lib/rack/runtime.rb:22:in `call'
activesupport (7.0.4) lib/active_support/cache/strategy/local_cache_middleware.rb:29:in `call'
actionpack (7.0.4) lib/action_dispatch/middleware/server_timing.rb:61:in `block in call'
actionpack (7.0.4) lib/action_dispatch/middleware/server_timing.rb:26:in `collect_events'
actionpack (7.0.4) lib/action_dispatch/middleware/server_timing.rb:60:in `call'
actionpack (7.0.4) lib/action_dispatch/middleware/executor.rb:14:in `call'
actionpack (7.0.4) lib/action_dispatch/middleware/static.rb:23:in `call'
rack (2.2.4) lib/rack/sendfile.rb:110:in `call'
actionpack (7.0.4) lib/action_dispatch/middleware/host_authorization.rb:137:in `call'
railties (7.0.4) lib/rails/engine.rb:530:in `call'
puma (5.6.5) lib/puma/configuration.rb:252:in `call'
puma (5.6.5) lib/puma/request.rb:77:in `block in handle_request'
puma (5.6.5) lib/puma/thread_pool.rb:340:in `with_force_shutdown'
puma (5.6.5) lib/puma/request.rb:76:in `handle_request'
puma (5.6.5) lib/puma/server.rb:443:in `process_client'
puma (5.6.5) lib/puma/thread_pool.rb:147:in `block in spawn_thread'
  [1m[36mActiveRecord::SchemaMigration Pluck (0.1ms)[0m  [1m[34mSELECT "schema_migrations"."version" FROM "schema_migrations" ORDER BY "schema_migrations"."version" ASC[0m
  [1m[36mActiveRecord::SchemaMigration Pluck (0.0ms)[0m  [1m[34mSELECT "schema_migrations"."version" FROM "schema_migrations" ORDER BY "schema_migrations"."version" ASC[0m
Migrating to DeviseCreateUsers (20221214122942)
  [1m[36mTRANSACTION (0.0ms)[0m  [1m[36mbegin transaction[0m
  [1m[35m (0.5ms)[0m  [1m[35mCREATE TABLE "users" ("id" integer PRIMARY KEY AUTOINCREMENT NOT NULL, "email" varchar DEFAULT '' NOT NULL, "encrypted_password" varchar DEFAULT '' NOT NULL, "reset_password_token" varchar, "reset_password_sent_at" datetime(6), "remember_created_at" datetime(6), "role" varchar, "created_at" datetime(6) NOT NULL, "updated_at" datetime(6) NOT NULL)[0m
  [1m[35m (0.1ms)[0m  [1m[35mCREATE UNIQUE INDEX "index_users_on_email" ON "users" ("email")[0m
  [1m[35m (0.0ms)[0m  [1m[35mCREATE UNIQUE INDEX "index_users_on_reset_password_token" ON "users" ("reset_password_token")[0m
  [1m[36mActiveRecord::SchemaMigration Create (0.1ms)[0m  [1m[32mINSERT INTO "schema_migrations" ("version") VALUES (?)[0m  [["version", "20221214122942"]]
  [1m[36mTRANSACTION (0.9ms)[0m  [1m[36mcommit transaction[0m
  [1m[36mActiveRecord::InternalMetadata Load (0.0ms)[0m  [1m[34mSELECT "ar_internal_metadata".* FROM "ar_internal_metadata" WHERE "ar_internal_metadata"."key" = ? LIMIT ?[0m  [["key", "environment"], ["LIMIT", 1]]
  [1m[36mTRANSACTION (0.0ms)[0m  [1m[36mbegin transaction[0m
  [1m[36mActiveRecord::InternalMetadata Create (0.1ms)[0m  [1m[32mINSERT INTO "ar_internal_metadata" ("key", "value", "created_at", "updated_at") VALUES (?, ?, ?, ?)[0m  [["key", "environment"], ["value", "development"], ["created_at", "2022-12-14 12:49:20.659122"], ["updated_at", "2022-12-14 12:49:20.659122"]]
  [1m[36mTRANSACTION (0.7ms)[0m  [1m[36mcommit transaction[0m
  [1m[36mActiveRecord::SchemaMigration Pluck (0.0ms)[0m  [1m[34mSELECT "schema_migrations"."version" FROM "schema_migrations" ORDER BY "schema_migrations"."version" ASC[0m
  [1m[36mActiveRecord::SchemaMigration Pluck (0.0ms)[0m  [1m[34mSELECT "schema_migrations"."version" FROM "schema_migrations" ORDER BY "schema_migrations"."version" ASC[0m
Started GET "//categories" for 127.0.0.1 at 2022-12-14 20:49:32 +0800
  [1m[36mActiveRecord::SchemaMigration Pluck (0.1ms)[0m  [1m[34mSELECT "schema_migrations"."version" FROM "schema_migrations" ORDER BY "schema_migrations"."version" ASC[0m
  
ActionController::RoutingError (No route matches [GET] "/categories"):
  
Started GET "//categories" for 127.0.0.1 at 2022-12-14 20:50:15 +0800
  
ActionController::RoutingError (No route matches [GET] "/categories"):
  
Started GET "//categories" for 127.0.0.1 at 2022-12-14 20:50:24 +0800
  
ActionController::RoutingError (No route matches [GET] "/categories"):
  
Started GET "//categories" for 127.0.0.1 at 2022-12-14 20:50:35 +0800
  [1m[36mActiveRecord::SchemaMigration Pluck (0.1ms)[0m  [1m[34mSELECT "schema_migrations"."version" FROM "schema_migrations" ORDER BY "schema_migrations"."version" ASC[0m
  
ActionController::RoutingError (No route matches [GET] "/categories"):
  
Started GET "/" for 127.0.0.1 at 2022-12-14 20:50:36 +0800
Processing by HomeController#index as HTML
  Rendering layout layouts/application.html.erb
  Rendering home/index.html.erb within layouts/application
  Rendered home/index.html.erb within layouts/application (Duration: 0.4ms | Allocations: 123)
  Rendered layout layouts/application.html.erb (Duration: 38.5ms | Allocations: 35733)
Completed 200 OK in 46ms (Views: 40.2ms | ActiveRecord: 0.0ms | Allocations: 38010)


Started GET "/" for 127.0.0.1 at 2022-12-14 20:50:44 +0800
  [1m[36mActiveRecord::SchemaMigration Pluck (0.1ms)[0m  [1m[34mSELECT "schema_migrations"."version" FROM "schema_migrations" ORDER BY "schema_migrations"."version" ASC[0m
Processing by HomeController#index as HTML
  Rendering layout layouts/application.html.erb
  Rendering home/index.html.erb within layouts/application
  Rendered home/index.html.erb within layouts/application (Duration: 0.5ms | Allocations: 333)
  Rendered layout layouts/application.html.erb (Duration: 28.8ms | Allocations: 36161)
Completed 200 OK in 36ms (Views: 31.1ms | ActiveRecord: 0.0ms | Allocations: 39591)


Started GET "/" for 127.0.0.1 at 2022-12-14 20:57:53 +0800
  [1m[36mActiveRecord::SchemaMigration Pluck (0.1ms)[0m  [1m[34mSELECT "schema_migrations"."version" FROM "schema_migrations" ORDER BY "schema_migrations"."version" ASC[0m
Processing by HomeController#index as HTML
  Rendering layout layouts/application.html.erb
  Rendering home/index.html.erb within layouts/application
  Rendered home/index.html.erb within layouts/application (Duration: 0.6ms | Allocations: 333)
  Rendered layout layouts/application.html.erb (Duration: 28.5ms | Allocations: 36219)
Completed 200 OK in 35ms (Views: 30.3ms | ActiveRecord: 0.0ms | Allocations: 39649)


Started GET "/" for 127.0.0.1 at 2022-12-15 14:10:14 +0800
  [1m[36mActiveRecord::SchemaMigration Pluck (0.1ms)[0m  [1m[34mSELECT "schema_migrations"."version" FROM "schema_migrations" ORDER BY "schema_migrations"."version" ASC[0m
Processing by HomeController#index as HTML
  Rendering layout layouts/application.html.erb
  Rendering home/index.html.erb within layouts/application
  Rendered home/index.html.erb within layouts/application (Duration: 0.8ms | Allocations: 332)
  Rendered layout layouts/application.html.erb (Duration: 42.3ms | Allocations: 36010)
Completed 200 OK in 49ms (Views: 44.3ms | ActiveRecord: 0.0ms | Allocations: 39451)


Started GET "/" for 127.0.0.1 at 2022-12-15 14:10:16 +0800
Processing by HomeController#index as HTML
  Rendering layout layouts/application.html.erb
  Rendering home/index.html.erb within layouts/application
  Rendered home/index.html.erb within layouts/application (Duration: 0.0ms | Allocations: 9)
  Rendered layout layouts/application.html.erb (Duration: 4.6ms | Allocations: 2542)
Completed 200 OK in 6ms (Views: 5.2ms | ActiveRecord: 0.0ms | Allocations: 2868)


Started GET "//categories" for 127.0.0.1 at 2022-12-15 14:10:17 +0800
  
ActionController::RoutingError (No route matches [GET] "/categories"):
  
Started GET "/" for 127.0.0.1 at 2022-12-15 14:10:18 +0800
Processing by HomeController#index as HTML
  Rendering layout layouts/application.html.erb
  Rendering home/index.html.erb within layouts/application
  Rendered home/index.html.erb within layouts/application (Duration: 0.0ms | Allocations: 7)
  Rendered layout layouts/application.html.erb (Duration: 23.3ms | Allocations: 2625)
Completed 200 OK in 25ms (Views: 24.1ms | ActiveRecord: 0.0ms | Allocations: 2929)


Started GET "/users" for 127.0.0.1 at 2022-12-15 14:10:19 +0800
  
ActionController::RoutingError (No route matches [GET] "/users"):
  
Started GET "/users/sign_up" for 127.0.0.1 at 2022-12-15 14:10:50 +0800
Processing by Devise::RegistrationsController#new as HTML
  Rendering layout layouts/application.html.erb
  Rendering devise/registrations/new.html.erb within layouts/application
  Rendered devise/shared/_error_messages.html.erb (Duration: 0.5ms | Allocations: 251)
  Rendered devise/shared/_links.html.erb (Duration: 0.7ms | Allocations: 619)
  Rendered devise/registrations/new.html.erb within layouts/application (Duration: 17.3ms | Allocations: 7558)
  Rendered layout layouts/application.html.erb (Duration: 19.4ms | Allocations: 9966)
Completed 200 OK in 34ms (Views: 21.4ms | ActiveRecord: 0.6ms | Allocations: 17898)


Started GET "/users/sign_up" for 127.0.0.1 at 2022-12-15 14:16:21 +0800
Processing by Devise::RegistrationsController#new as HTML
  Rendering layout layouts/application.html.erb
  Rendering devise/registrations/new.html.erb within layouts/application
  Rendered devise/registrations/new.html.erb within layouts/application (Duration: 0.5ms | Allocations: 1361)
  Rendered layout layouts/application.html.erb (Duration: 0.6ms | Allocations: 1450)
Completed 500 Internal Server Error in 4ms (ActiveRecord: 0.2ms | Allocations: 5268)


  
ActionView::SyntaxErrorInTemplate (Encountered a syntax error while rendering template: check <h2>Sign up</h2>

<%= simple_form_for (resource, as: resource_name, url: registration_path(resource_name)) do |f| %>
  <%= render "devise/shared/error_messages", resource: resource %>

  <div class="field">
    <%= f.label :email %><br />
    <%= f.email_field :email, autofocus: true, autocomplete: "email" %>
  </div>

  <div class="field">
    <%= f.label :password %>
    <% if @minimum_password_length %>
    <em>(<%= @minimum_password_length %> characters minimum)</em>
    <% end %><br />
    <%= f.password_field :password, autocomplete: "new-password" %>
  </div>

  <div class="field">
    <%= f.label :password_confirmation %><br />
    <%= f.password_field :password_confirmation, autocomplete: "new-password" %>
  </div>

  <div class="actions">
    <%= f.submit "Sign up" %>
  </div>
<% end %>

<%= render "devise/shared/links" %>

):
1:    <h2>Sign up</h2>
2:    
3:    <%= simple_form_for (resource, as: resource_name, url: registration_path(resource_name)) do |f| %>
4:      <%= render "devise/shared/error_messages", resource: resource %>
5:    
6:      <div class="field">
7:        <%= f.label :email %><br />
8:        <%= f.email_field :email, autofocus: true, autocomplete: "email" %>
9:      </div>
10:    
11:      <div class="field">
12:        <%= f.label :password %>
13:        <% if @minimum_password_length %>
14:        <em>(<%= @minimum_password_length %> characters minimum)</em>
15:        <% end %><br />
16:        <%= f.password_field :password, autocomplete: "new-password" %>
17:      </div>
18:    
19:      <div class="field">
20:        <%= f.label :password_confirmation %><br />
21:        <%= f.password_field :password_confirmation, autocomplete: "new-password" %>
22:      </div>
23:    
24:      <div class="actions">
25:        <%= f.submit "Sign up" %>
26:      </div>
27:    <% end %>
28:    
29:    <%= render "devise/shared/links" %>
  
app/views/devise/registrations/new.html.erb:3: syntax error, unexpected label, expecting '='
app/views/devise/registrations/new.html.erb:3: syntax error, unexpected ')', expecting `end'
app/views/devise/registrations/new.html.erb:32: syntax error, unexpected `end', expecting end-of-input
app/views/devise/registrations/new.html.erb:3: syntax error, unexpected label, expecting '='
app/views/devise/registrations/new.html.erb:3: syntax error, unexpected ')', expecting `end'
app/views/devise/registrations/new.html.erb:32: syntax error, unexpected `end', expecting end-of-input
app/views/devise/registrations/new.html.erb:3: syntax error, unexpected label, expecting '='
app/views/devise/registrations/new.html.erb:3: syntax error, unexpected ')', expecting `end'
app/views/devise/registrations/new.html.erb:32: syntax error, unexpected `end', expecting end-of-input
app/views/devise/registrations/new.html.erb:3: syntax error, unexpected label, expecting '='
app/views/devise/registrations/new.html.erb:3: syntax error, unexpected ')', expecting `end'
app/views/devise/registrations/new.html.erb:32: syntax error, unexpected `end', expecting end-of-input
app/views/devise/registrations/new.html.erb:3: syntax error, unexpected label, expecting '='
app/views/devise/registrations/new.html.erb:3: syntax error, unexpected ')', expecting `end'
app/views/devise/registrations/new.html.erb:32: syntax error, unexpected `end', expecting end-of-input
app/views/devise/registrations/new.html.erb:3: syntax error, unexpected label, expecting '='
app/views/devise/registrations/new.html.erb:3: syntax error, unexpected ')', expecting `end'
app/views/devise/registrations/new.html.erb:32: syntax error, unexpected `end', expecting end-of-input
Started GET "/users/sign_up" for 127.0.0.1 at 2022-12-15 14:16:44 +0800
Processing by Devise::RegistrationsController#new as HTML
  Rendering layout layouts/application.html.erb
  Rendering devise/registrations/new.html.erb within layouts/application
  Rendered devise/registrations/new.html.erb within layouts/application (Duration: 1.8ms | Allocations: 1397)
  Rendered layout layouts/application.html.erb (Duration: 2.0ms | Allocations: 1487)
Completed 500 Internal Server Error in 11ms (ActiveRecord: 0.0ms | Allocations: 2828)


  
ActionView::SyntaxErrorInTemplate (Encountered a syntax error while rendering template: check <h2>Sign up</h2>

<%= simple_form_for @user (resource, as: resource_name, url: registration_path(resource_name)) do |f| %>
  <%= render "devise/shared/error_messages", resource: resource %>

  <div class="field">
    <%= f.label :email %><br />
    <%= f.email_field :email, autofocus: true, autocomplete: "email" %>
  </div>

  <div class="field">
    <%= f.label :password %>
    <% if @minimum_password_length %>
    <em>(<%= @minimum_password_length %> characters minimum)</em>
    <% end %><br />
    <%= f.password_field :password, autocomplete: "new-password" %>
  </div>

  <div class="field">
    <%= f.label :password_confirmation %><br />
    <%= f.password_field :password_confirmation, autocomplete: "new-password" %>
  </div>

  <div class="actions">
    <%= f.submit "Sign up" %>
  </div>
<% end %>

<%= render "devise/shared/links" %>

):
1:    <h2>Sign up</h2>
2:    
3:    <%= simple_form_for @user (resource, as: resource_name, url: registration_path(resource_name)) do |f| %>
4:      <%= render "devise/shared/error_messages", resource: resource %>
5:    
6:      <div class="field">
7:        <%= f.label :email %><br />
8:        <%= f.email_field :email, autofocus: true, autocomplete: "email" %>
9:      </div>
10:    
11:      <div class="field">
12:        <%= f.label :password %>
13:        <% if @minimum_password_length %>
14:        <em>(<%= @minimum_password_length %> characters minimum)</em>
15:        <% end %><br />
16:        <%= f.password_field :password, autocomplete: "new-password" %>
17:      </div>
18:    
19:      <div class="field">
20:        <%= f.label :password_confirmation %><br />
21:        <%= f.password_field :password_confirmation, autocomplete: "new-password" %>
22:      </div>
23:    
24:      <div class="actions">
25:        <%= f.submit "Sign up" %>
26:      </div>
27:    <% end %>
28:    
29:    <%= render "devise/shared/links" %>
  
app/views/devise/registrations/new.html.erb:3: syntax error, unexpected '(', expecting `end'
app/views/devise/registrations/new.html.erb:3: syntax error, unexpected ')', expecting `end'
app/views/devise/registrations/new.html.erb:32: syntax error, unexpected `end', expecting end-of-input
app/views/devise/registrations/new.html.erb:3: syntax error, unexpected '(', expecting `end'
app/views/devise/registrations/new.html.erb:3: syntax error, unexpected ')', expecting `end'
app/views/devise/registrations/new.html.erb:32: syntax error, unexpected `end', expecting end-of-input
app/views/devise/registrations/new.html.erb:3: syntax error, unexpected '(', expecting `end'
app/views/devise/registrations/new.html.erb:3: syntax error, unexpected ')', expecting `end'
app/views/devise/registrations/new.html.erb:32: syntax error, unexpected `end', expecting end-of-input
app/views/devise/registrations/new.html.erb:3: syntax error, unexpected '(', expecting `end'
app/views/devise/registrations/new.html.erb:3: syntax error, unexpected ')', expecting `end'
app/views/devise/registrations/new.html.erb:32: syntax error, unexpected `end', expecting end-of-input
app/views/devise/registrations/new.html.erb:3: syntax error, unexpected '(', expecting `end'
app/views/devise/registrations/new.html.erb:3: syntax error, unexpected ')', expecting `end'
app/views/devise/registrations/new.html.erb:32: syntax error, unexpected `end', expecting end-of-input
app/views/devise/registrations/new.html.erb:3: syntax error, unexpected '(', expecting `end'
app/views/devise/registrations/new.html.erb:3: syntax error, unexpected ')', expecting `end'
app/views/devise/registrations/new.html.erb:32: syntax error, unexpected `end', expecting end-of-input
Started GET "/users/sign_up" for 127.0.0.1 at 2022-12-15 14:17:02 +0800
Processing by Devise::RegistrationsController#new as HTML
  Rendering layout layouts/application.html.erb
  Rendering devise/registrations/new.html.erb within layouts/application
  Rendered devise/registrations/new.html.erb within layouts/application (Duration: 1.6ms | Allocations: 1396)
  Rendered layout layouts/application.html.erb (Duration: 1.8ms | Allocations: 1485)
Completed 500 Internal Server Error in 11ms (ActiveRecord: 0.0ms | Allocations: 2808)


  
ActionView::SyntaxErrorInTemplate (Encountered a syntax error while rendering template: check <h2>Sign up</h2>

<%= simple_form_for User (resource, as: resource_name, url: registration_path(resource_name)) do |f| %>
  <%= render "devise/shared/error_messages", resource: resource %>

  <div class="field">
    <%= f.label :email %><br />
    <%= f.email_field :email, autofocus: true, autocomplete: "email" %>
  </div>

  <div class="field">
    <%= f.label :password %>
    <% if @minimum_password_length %>
    <em>(<%= @minimum_password_length %> characters minimum)</em>
    <% end %><br />
    <%= f.password_field :password, autocomplete: "new-password" %>
  </div>

  <div class="field">
    <%= f.label :password_confirmation %><br />
    <%= f.password_field :password_confirmation, autocomplete: "new-password" %>
  </div>

  <div class="actions">
    <%= f.submit "Sign up" %>
  </div>
<% end %>

<%= render "devise/shared/links" %>

):
1:    <h2>Sign up</h2>
2:    
3:    <%= simple_form_for User (resource, as: resource_name, url: registration_path(resource_name)) do |f| %>
4:      <%= render "devise/shared/error_messages", resource: resource %>
5:    
6:      <div class="field">
7:        <%= f.label :email %><br />
8:        <%= f.email_field :email, autofocus: true, autocomplete: "email" %>
9:      </div>
10:    
11:      <div class="field">
12:        <%= f.label :password %>
13:        <% if @minimum_password_length %>
14:        <em>(<%= @minimum_password_length %> characters minimum)</em>
15:        <% end %><br />
16:        <%= f.password_field :password, autocomplete: "new-password" %>
17:      </div>
18:    
19:      <div class="field">
20:        <%= f.label :password_confirmation %><br />
21:        <%= f.password_field :password_confirmation, autocomplete: "new-password" %>
22:      </div>
23:    
24:      <div class="actions">
25:        <%= f.submit "Sign up" %>
26:      </div>
27:    <% end %>
28:    
29:    <%= render "devise/shared/links" %>
  
app/views/devise/registrations/new.html.erb:3: syntax error, unexpected label, expecting '='
app/views/devise/registrations/new.html.erb:3: syntax error, unexpected ')', expecting `end'
app/views/devise/registrations/new.html.erb:32: syntax error, unexpected `end', expecting end-of-input
app/views/devise/registrations/new.html.erb:3: syntax error, unexpected label, expecting '='
app/views/devise/registrations/new.html.erb:3: syntax error, unexpected ')', expecting `end'
app/views/devise/registrations/new.html.erb:32: syntax error, unexpected `end', expecting end-of-input
app/views/devise/registrations/new.html.erb:3: syntax error, unexpected label, expecting '='
app/views/devise/registrations/new.html.erb:3: syntax error, unexpected ')', expecting `end'
app/views/devise/registrations/new.html.erb:32: syntax error, unexpected `end', expecting end-of-input
app/views/devise/registrations/new.html.erb:3: syntax error, unexpected label, expecting '='
app/views/devise/registrations/new.html.erb:3: syntax error, unexpected ')', expecting `end'
app/views/devise/registrations/new.html.erb:32: syntax error, unexpected `end', expecting end-of-input
app/views/devise/registrations/new.html.erb:3: syntax error, unexpected label, expecting '='
app/views/devise/registrations/new.html.erb:3: syntax error, unexpected ')', expecting `end'
app/views/devise/registrations/new.html.erb:32: syntax error, unexpected `end', expecting end-of-input
app/views/devise/registrations/new.html.erb:3: syntax error, unexpected label, expecting '='
app/views/devise/registrations/new.html.erb:3: syntax error, unexpected ')', expecting `end'
app/views/devise/registrations/new.html.erb:32: syntax error, unexpected `end', expecting end-of-input
Started GET "/users/sign_up" for 127.0.0.1 at 2022-12-15 14:26:35 +0800
Processing by Devise::RegistrationsController#new as HTML
  Rendering layout layouts/application.html.erb
  Rendering devise/registrations/new.html.erb within layouts/application
  Rendered devise/registrations/new.html.erb within layouts/application (Duration: 0.7ms | Allocations: 1342)
  Rendered layout layouts/application.html.erb (Duration: 0.8ms | Allocations: 1431)
Completed 500 Internal Server Error in 8ms (ActiveRecord: 1.7ms | Allocations: 5251)


  
ActionView::SyntaxErrorInTemplate (Encountered a syntax error while rendering template: check <h2>Sign up</h2>

<%= simple_form_for @user (resource, as: resource_name, url: registration_path(resource_name)) do |f| %>
  <%= render "devise/shared/error_messages", resource: resource %>

  <div class="field">
    <%= f.label :email %><br />
    <%= f.email_field :email, autofocus: true, autocomplete: "email" %>
  </div>

  <div class="field">
    <%= f.label :password %>
    <% if @minimum_password_length %>
    <em>(<%= @minimum_password_length %> characters minimum)</em>
    <% end %><br />
    <%= f.password_field :password, autocomplete: "new-password" %>
  </div>

  <div class="field">
    <%= f.label :password_confirmation %><br />
    <%= f.password_field :password_confirmation, autocomplete: "new-password" %>
  </div>

  <div class="actions">
    <%= f.submit "Sign up" %>
  </div>
<% end %>

<%= render "devise/shared/links" %>

):
1:    <h2>Sign up</h2>
2:    
3:    <%= simple_form_for @user (resource, as: resource_name, url: registration_path(resource_name)) do |f| %>
4:      <%= render "devise/shared/error_messages", resource: resource %>
5:    
6:      <div class="field">
7:        <%= f.label :email %><br />
8:        <%= f.email_field :email, autofocus: true, autocomplete: "email" %>
9:      </div>
10:    
11:      <div class="field">
12:        <%= f.label :password %>
13:        <% if @minimum_password_length %>
14:        <em>(<%= @minimum_password_length %> characters minimum)</em>
15:        <% end %><br />
16:        <%= f.password_field :password, autocomplete: "new-password" %>
17:      </div>
18:    
19:      <div class="field">
20:        <%= f.label :password_confirmation %><br />
21:        <%= f.password_field :password_confirmation, autocomplete: "new-password" %>
22:      </div>
23:    
24:      <div class="actions">
25:        <%= f.submit "Sign up" %>
26:      </div>
27:    <% end %>
28:    
29:    <%= render "devise/shared/links" %>
  
app/views/devise/registrations/new.html.erb:3: syntax error, unexpected '(', expecting `end'
app/views/devise/registrations/new.html.erb:3: syntax error, unexpected ')', expecting `end'
app/views/devise/registrations/new.html.erb:32: syntax error, unexpected `end', expecting end-of-input
app/views/devise/registrations/new.html.erb:3: syntax error, unexpected '(', expecting `end'
app/views/devise/registrations/new.html.erb:3: syntax error, unexpected ')', expecting `end'
app/views/devise/registrations/new.html.erb:32: syntax error, unexpected `end', expecting end-of-input
app/views/devise/registrations/new.html.erb:3: syntax error, unexpected '(', expecting `end'
app/views/devise/registrations/new.html.erb:3: syntax error, unexpected ')', expecting `end'
app/views/devise/registrations/new.html.erb:32: syntax error, unexpected `end', expecting end-of-input
app/views/devise/registrations/new.html.erb:3: syntax error, unexpected '(', expecting `end'
app/views/devise/registrations/new.html.erb:3: syntax error, unexpected ')', expecting `end'
app/views/devise/registrations/new.html.erb:32: syntax error, unexpected `end', expecting end-of-input
app/views/devise/registrations/new.html.erb:3: syntax error, unexpected '(', expecting `end'
app/views/devise/registrations/new.html.erb:3: syntax error, unexpected ')', expecting `end'
app/views/devise/registrations/new.html.erb:32: syntax error, unexpected `end', expecting end-of-input
app/views/devise/registrations/new.html.erb:3: syntax error, unexpected '(', expecting `end'
app/views/devise/registrations/new.html.erb:3: syntax error, unexpected ')', expecting `end'
app/views/devise/registrations/new.html.erb:32: syntax error, unexpected `end', expecting end-of-input
Started GET "/users/sign_up" for 127.0.0.1 at 2022-12-15 14:27:00 +0800
Processing by Devise::RegistrationsController#new as HTML
  Rendering layout layouts/application.html.erb
  Rendering devise/registrations/new.html.erb within layouts/application
  Rendered devise/registrations/new.html.erb within layouts/application (Duration: 0.9ms | Allocations: 1326)
  Rendered layout layouts/application.html.erb (Duration: 0.9ms | Allocations: 1415)
Completed 500 Internal Server Error in 5ms (ActiveRecord: 0.4ms | Allocations: 5343)


  
ActionView::SyntaxErrorInTemplate (Encountered a syntax error while rendering template: check <h2>Sign up</h2>

<%= simple_form_for @user (resource, as: resource_name, url: registration_path(resource_name)) do |f| %>
  <%= render "devise/shared/error_messages", resource: resource %>

  <div class="field">
    <%= f.label :email %><br />
    <%= f.email_field :email, autofocus: true, autocomplete: "email" %>
  </div>

  <div class="field">
    <%= f.label :password %>
    <% if @minimum_password_length %>
    <em>(<%= @minimum_password_length %> characters minimum)</em>
    <% end %><br />
    <%= f.password_field :password, autocomplete: "new-password" %>
  </div>

  <div class="field">
    <%= f.label :password_confirmation %><br />
    <%= f.password_field :password_confirmation, autocomplete: "new-password" %>
  </div>

  <div class="actions">
    <%= f.submit "Sign up" %>
  </div>
<% end %>

<%= render "devise/shared/links" %>

):
1:    <h2>Sign up</h2>
2:    
3:    <%= simple_form_for @user (resource, as: resource_name, url: registration_path(resource_name)) do |f| %>
4:      <%= render "devise/shared/error_messages", resource: resource %>
5:    
6:      <div class="field">
7:        <%= f.label :email %><br />
8:        <%= f.email_field :email, autofocus: true, autocomplete: "email" %>
9:      </div>
10:    
11:      <div class="field">
12:        <%= f.label :password %>
13:        <% if @minimum_password_length %>
14:        <em>(<%= @minimum_password_length %> characters minimum)</em>
15:        <% end %><br />
16:        <%= f.password_field :password, autocomplete: "new-password" %>
17:      </div>
18:    
19:      <div class="field">
20:        <%= f.label :password_confirmation %><br />
21:        <%= f.password_field :password_confirmation, autocomplete: "new-password" %>
22:      </div>
23:    
24:      <div class="actions">
25:        <%= f.submit "Sign up" %>
26:      </div>
27:    <% end %>
28:    
29:    <%= render "devise/shared/links" %>
  
app/views/devise/registrations/new.html.erb:3: syntax error, unexpected '(', expecting `end'
app/views/devise/registrations/new.html.erb:3: syntax error, unexpected ')', expecting `end'
app/views/devise/registrations/new.html.erb:32: syntax error, unexpected `end', expecting end-of-input
app/views/devise/registrations/new.html.erb:3: syntax error, unexpected '(', expecting `end'
app/views/devise/registrations/new.html.erb:3: syntax error, unexpected ')', expecting `end'
app/views/devise/registrations/new.html.erb:32: syntax error, unexpected `end', expecting end-of-input
app/views/devise/registrations/new.html.erb:3: syntax error, unexpected '(', expecting `end'
app/views/devise/registrations/new.html.erb:3: syntax error, unexpected ')', expecting `end'
app/views/devise/registrations/new.html.erb:32: syntax error, unexpected `end', expecting end-of-input
app/views/devise/registrations/new.html.erb:3: syntax error, unexpected '(', expecting `end'
app/views/devise/registrations/new.html.erb:3: syntax error, unexpected ')', expecting `end'
app/views/devise/registrations/new.html.erb:32: syntax error, unexpected `end', expecting end-of-input
app/views/devise/registrations/new.html.erb:3: syntax error, unexpected '(', expecting `end'
app/views/devise/registrations/new.html.erb:3: syntax error, unexpected ')', expecting `end'
app/views/devise/registrations/new.html.erb:32: syntax error, unexpected `end', expecting end-of-input
app/views/devise/registrations/new.html.erb:3: syntax error, unexpected '(', expecting `end'
app/views/devise/registrations/new.html.erb:3: syntax error, unexpected ')', expecting `end'
app/views/devise/registrations/new.html.erb:32: syntax error, unexpected `end', expecting end-of-input
Started GET "/users/sign_up" for 127.0.0.1 at 2022-12-15 14:28:46 +0800
Processing by Devise::RegistrationsController#new as HTML
  Rendering layout layouts/application.html.erb
  Rendering devise/registrations/new.html.erb within layouts/application
  Rendered devise/registrations/new.html.erb within layouts/application (Duration: 0.7ms | Allocations: 1342)
  Rendered layout layouts/application.html.erb (Duration: 0.8ms | Allocations: 1431)
Completed 500 Internal Server Error in 6ms (ActiveRecord: 0.4ms | Allocations: 5746)


  
ActionView::SyntaxErrorInTemplate (Encountered a syntax error while rendering template: check <h2>Sign up</h2>

<%= simple_form_for @user (resource, as: resource_name, url: registration_path(resource_name)) do |f| %>
  <%= render "devise/shared/error_messages", resource: resource %>

  <div class="field">
    <%= f.label :email %><br />
    <%= f.email_field :email, autofocus: true, autocomplete: "email" %>
  </div>

  <div class="field">
    <%= f.label :password %>
    <% if @minimum_password_length %>
    <em>(<%= @minimum_password_length %> characters minimum)</em>
    <% end %><br />
    <%= f.password_field :password, autocomplete: "new-password" %>
  </div>

  <div class="field">
    <%= f.label :password_confirmation %><br />
    <%= f.password_field :password_confirmation, autocomplete: "new-password" %>
  </div>

  <div class="actions">
    <%= f.submit "Sign up" %>
  </div>
<% end %>

<%= render "devise/shared/links" %>

):
1:    <h2>Sign up</h2>
2:    
3:    <%= simple_form_for @user (resource, as: resource_name, url: registration_path(resource_name)) do |f| %>
4:      <%= render "devise/shared/error_messages", resource: resource %>
5:    
6:      <div class="field">
7:        <%= f.label :email %><br />
8:        <%= f.email_field :email, autofocus: true, autocomplete: "email" %>
9:      </div>
10:    
11:      <div class="field">
12:        <%= f.label :password %>
13:        <% if @minimum_password_length %>
14:        <em>(<%= @minimum_password_length %> characters minimum)</em>
15:        <% end %><br />
16:        <%= f.password_field :password, autocomplete: "new-password" %>
17:      </div>
18:    
19:      <div class="field">
20:        <%= f.label :password_confirmation %><br />
21:        <%= f.password_field :password_confirmation, autocomplete: "new-password" %>
22:      </div>
23:    
24:      <div class="actions">
25:        <%= f.submit "Sign up" %>
26:      </div>
27:    <% end %>
28:    
29:    <%= render "devise/shared/links" %>
  
app/views/devise/registrations/new.html.erb:3: syntax error, unexpected '(', expecting `end'
app/views/devise/registrations/new.html.erb:3: syntax error, unexpected ')', expecting `end'
app/views/devise/registrations/new.html.erb:32: syntax error, unexpected `end', expecting end-of-input
app/views/devise/registrations/new.html.erb:3: syntax error, unexpected '(', expecting `end'
app/views/devise/registrations/new.html.erb:3: syntax error, unexpected ')', expecting `end'
app/views/devise/registrations/new.html.erb:32: syntax error, unexpected `end', expecting end-of-input
app/views/devise/registrations/new.html.erb:3: syntax error, unexpected '(', expecting `end'
app/views/devise/registrations/new.html.erb:3: syntax error, unexpected ')', expecting `end'
app/views/devise/registrations/new.html.erb:32: syntax error, unexpected `end', expecting end-of-input
app/views/devise/registrations/new.html.erb:3: syntax error, unexpected '(', expecting `end'
app/views/devise/registrations/new.html.erb:3: syntax error, unexpected ')', expecting `end'
app/views/devise/registrations/new.html.erb:32: syntax error, unexpected `end', expecting end-of-input
app/views/devise/registrations/new.html.erb:3: syntax error, unexpected '(', expecting `end'
app/views/devise/registrations/new.html.erb:3: syntax error, unexpected ')', expecting `end'
app/views/devise/registrations/new.html.erb:32: syntax error, unexpected `end', expecting end-of-input
app/views/devise/registrations/new.html.erb:3: syntax error, unexpected '(', expecting `end'
app/views/devise/registrations/new.html.erb:3: syntax error, unexpected ')', expecting `end'
app/views/devise/registrations/new.html.erb:32: syntax error, unexpected `end', expecting end-of-input
Started GET "/users/sign_up" for 127.0.0.1 at 2022-12-15 19:55:03 +0800
Processing by Devise::RegistrationsController#new as HTML
  Rendering layout layouts/application.html.erb
  Rendering devise/registrations/new.html.erb within layouts/application
  Rendered devise/shared/_error_messages.html.erb (Duration: 0.6ms | Allocations: 211)
  Rendered devise/shared/_links.html.erb (Duration: 3.2ms | Allocations: 501)
  Rendered devise/registrations/new.html.erb within layouts/application (Duration: 23.2ms | Allocations: 3506)
  Rendered layout layouts/application.html.erb (Duration: 46.5ms | Allocations: 17671)
Completed 200 OK in 76ms (Views: 53.9ms | Allocations: 19018)


